[   13076ms] [ERROR] Failed to load resource: the server responded with a status of 403 (Forbidden) @ https://cidrella.the-mcnultys.org:8443/api/analytics/blocklist/top-categories?range=24h&limit=10:0
[   13080ms] AxiosError: Request failed with status code 403
    at Pp (https://cidrella.the-mcnultys.org:8443/assets/index-Bqss8tu6.js:589:1087)
    at XMLHttpRequest.k (https://cidrella.the-mcnultys.org:8443/assets/index-Bqss8tu6.js:589:5927)
    at Qn.request (https://cidrella.the-mcnultys.org:8443/assets/index-Bqss8tu6.js:591:2094)
    at async O (https://cidrella.the-mcnultys.org:8443/assets/chart-config-Ujve8wLv.js:1:1420)
    at async Promise.all (index 9)
    at async Proxy._ (https://cidrella.the-mcnultys.org:8443/assets/chart-config-Ujve8wLv.js:1:1773)
    at async Promise.all (index 0)
    at async h (https://cidrella.the-mcnultys.org:8443/assets/Dashboard-D7yNukIY.js:1:2492)
[   13079ms] [ERROR] Failed to load resource: the server responded with a status of 403 (Forbidden) @ https://cidrella.the-mcnultys.org:8443/api/analytics/geoip/top-clients?range=24h&limit=10:0
[   13082ms] [ERROR] Failed to load resource: the server responded with a status of 403 (Forbidden) @ https://cidrella.the-mcnultys.org:8443/api/metrics/services:0
[   13084ms] [ERROR] Failed to load resource: the server responded with a status of 403 (Forbidden) @ https://cidrella.the-mcnultys.org:8443/api/analytics/blocklist/top-clients?range=24h&limit=10:0
[   13086ms] [ERROR] Failed to load resource: the server responded with a status of 403 (Forbidden) @ https://cidrella.the-mcnultys.org:8443/api/metrics/timeseries?range=24h:0
[   13087ms] [ERROR] Failed to load resource: the server responded with a status of 403 (Forbidden) @ https://cidrella.the-mcnultys.org:8443/api/analytics/blocklist/top-domains?range=24h&limit=10:0
[   13089ms] [ERROR] Failed to load resource: the server responded with a status of 403 (Forbidden) @ https://cidrella.the-mcnultys.org:8443/api/metrics/geoip-hits?range=24h:0
[   13239ms] [ERROR] Failed to load resource: the server responded with a status of 403 (Forbidden) @ https://cidrella.the-mcnultys.org:8443/api/anomalies/summary:0
[   13246ms] [ERROR] Failed to load resource: the server responded with a status of 403 (Forbidden) @ https://cidrella.the-mcnultys.org:8443/api/anomalies/summary:0
[   13246ms] [ERROR] Failed to load resource: the server responded with a status of 403 (Forbidden) @ https://cidrella.the-mcnultys.org:8443/api/metrics/timeseries?range=24h:0
[   13246ms] [ERROR] Failed to load resource: the server responded with a status of 403 (Forbidden) @ https://cidrella.the-mcnultys.org:8443/api/metrics/blocklist-hits?range=24h:0
[   13247ms] [ERROR] Failed to load resource: the server responded with a status of 403 (Forbidden) @ https://cidrella.the-mcnultys.org:8443/api/metrics/geoip-hits?range=24h:0
[   13259ms] AxiosError: Request failed with status code 403
    at Pp (https://cidrella.the-mcnultys.org:8443/assets/index-B1Ou6lCn.js:589:1087)
    at XMLHttpRequest.k (https://cidrella.the-mcnultys.org:8443/assets/index-B1Ou6lCn.js:589:5927)
    at Qn.request (https://cidrella.the-mcnultys.org:8443/assets/index-B1Ou6lCn.js:591:2094)
    at async b (https://cidrella.the-mcnultys.org:8443/assets/chart-config-fs_aDfr3.js:1:443)
    at async Promise.all (index 0)
    at async Proxy._ (https://cidrella.the-mcnultys.org:8443/assets/chart-config-fs_aDfr3.js:1:1773)
    at async Promise.all (index 0)
    at async v (https://cidrella.the-mcnultys.org:8443/assets/Dashboard-DOoids0l.js:1:2499)
[   13254ms] [ERROR] Failed to load resource: the server responded with a status of 403 (Forbidden) @ https://cidrella.the-mcnultys.org:8443/api/metrics/proxy-perf?range=24h:0
[   13255ms] [ERROR] Failed to load resource: the server responded with a status of 403 (Forbidden) @ https://cidrella.the-mcnultys.org:8443/api/metrics/services:0
[   13256ms] [ERROR] Failed to load resource: the server responded with a status of 403 (Forbidden) @ https://cidrella.the-mcnultys.org:8443/api/analytics/top-clients?range=24h&limit=10:0
[   13256ms] [ERROR] Failed to load resource: the server responded with a status of 403 (Forbidden) @ https://cidrella.the-mcnultys.org:8443/api/analytics/top-domains?range=24h&limit=10:0
[   13256ms] [ERROR] Failed to load resource: the server responded with a status of 403 (Forbidden) @ https://cidrella.the-mcnultys.org:8443/api/analytics/blocklist/top-clients?range=24h&limit=10:0
[   13257ms] [ERROR] Failed to load resource: the server responded with a status of 403 (Forbidden) @ https://cidrella.the-mcnultys.org:8443/api/analytics/blocklist/top-domains?range=24h&limit=10:0
[   13258ms] [ERROR] Failed to load resource: the server responded with a status of 403 (Forbidden) @ https://cidrella.the-mcnultys.org:8443/api/analytics/blocklist/top-categories?range=24h&limit=10:0
[   13262ms] [ERROR] Failed to load resource: the server responded with a status of 403 (Forbidden) @ https://cidrella.the-mcnultys.org:8443/api/analytics/geoip/top-clients?range=24h&limit=10:0
[   13263ms] [ERROR] Failed to load resource: the server responded with a status of 403 (Forbidden) @ https://cidrella.the-mcnultys.org:8443/api/analytics/geoip/top-domains?range=24h&limit=10:0
[   29225ms] [ERROR] Failed to load resource: the server responded with a status of 403 (Forbidden) @ https://cidrella.the-mcnultys.org:8443/api/anomalies/summary:0
[   29260ms] [ERROR] Failed to load resource: the server responded with a status of 403 (Forbidden) @ https://cidrella.the-mcnultys.org:8443/api/anomalies/summary:0
[   29261ms] [ERROR] Failed to load resource: the server responded with a status of 403 (Forbidden) @ https://cidrella.the-mcnultys.org:8443/api/metrics/geoip-hits?range=24h:0
[   29263ms] [ERROR] Failed to load resource: the server responded with a status of 403 (Forbidden) @ https://cidrella.the-mcnultys.org:8443/api/metrics/timeseries?range=24h:0
[   29263ms] [ERROR] Failed to load resource: the server responded with a status of 403 (Forbidden) @ https://cidrella.the-mcnultys.org:8443/api/metrics/blocklist-hits?range=24h:0
[   29275ms] AxiosError: Request failed with status code 403
    at Pp (https://cidrella.the-mcnultys.org:8443/assets/index-B1Ou6lCn.js:589:1087)
    at XMLHttpRequest.k (https://cidrella.the-mcnultys.org:8443/assets/index-B1Ou6lCn.js:589:5927)
    at Qn.request (https://cidrella.the-mcnultys.org:8443/assets/index-B1Ou6lCn.js:591:2094)
    at async T (https://cidrella.the-mcnultys.org:8443/assets/chart-config-fs_aDfr3.js:1:665)
    at async Promise.all (index 2)
    at async Proxy._ (https://cidrella.the-mcnultys.org:8443/assets/chart-config-fs_aDfr3.js:1:1773)
    at async Promise.all (index 0)
    at async v (https://cidrella.the-mcnultys.org:8443/assets/Dashboard-DOoids0l.js:1:2499)
[   29275ms] [ERROR] Failed to load resource: the server responded with a status of 403 (Forbidden) @ https://cidrella.the-mcnultys.org:8443/api/metrics/proxy-perf?range=24h:0
[   29276ms] [ERROR] Failed to load resource: the server responded with a status of 403 (Forbidden) @ https://cidrella.the-mcnultys.org:8443/api/metrics/services:0
[   29277ms] [ERROR] Failed to load resource: the server responded with a status of 403 (Forbidden) @ https://cidrella.the-mcnultys.org:8443/api/analytics/blocklist/top-clients?range=24h&limit=10:0
[   29278ms] [ERROR] Failed to load resource: the server responded with a status of 403 (Forbidden) @ https://cidrella.the-mcnultys.org:8443/api/analytics/top-clients?range=24h&limit=10:0
[   29279ms] [ERROR] Failed to load resource: the server responded with a status of 403 (Forbidden) @ https://cidrella.the-mcnultys.org:8443/api/analytics/top-domains?range=24h&limit=10:0
[   29280ms] [ERROR] Failed to load resource: the server responded with a status of 403 (Forbidden) @ https://cidrella.the-mcnultys.org:8443/api/analytics/blocklist/top-domains?range=24h&limit=10:0
[   29281ms] [ERROR] Failed to load resource: the server responded with a status of 403 (Forbidden) @ https://cidrella.the-mcnultys.org:8443/api/analytics/blocklist/top-categories?range=24h&limit=10:0
[   29282ms] [ERROR] Failed to load resource: the server responded with a status of 403 (Forbidden) @ https://cidrella.the-mcnultys.org:8443/api/analytics/geoip/top-clients?range=24h&limit=10:0
[   29284ms] [ERROR] Failed to load resource: the server responded with a status of 403 (Forbidden) @ https://cidrella.the-mcnultys.org:8443/api/analytics/geoip/top-domains?range=24h&limit=10:0
