[   60372ms] [ERROR] Failed to load resource: the server responded with a status of 403 (Forbidden) @ https://cidrella.the-mcnultys.org:8443/api/anomalies/summary:0
[   60386ms] [ERROR] Failed to load resource: the server responded with a status of 403 (Forbidden) @ https://cidrella.the-mcnultys.org:8443/api/anomalies/summary:0
[   60407ms] [ERROR] Failed to load resource: the server responded with a status of 403 (Forbidden) @ https://cidrella.the-mcnultys.org:8443/api/metrics/timeseries?range=24h:0
[   60408ms] [ERROR] Failed to load resource: the server responded with a status of 403 (Forbidden) @ https://cidrella.the-mcnultys.org:8443/api/metrics/blocklist-hits?range=24h:0
[   60409ms] [ERROR] Failed to load resource: the server responded with a status of 403 (Forbidden) @ https://cidrella.the-mcnultys.org:8443/api/metrics/geoip-hits?range=24h:0
[   60410ms] [ERROR] Failed to load resource: the server responded with a status of 403 (Forbidden) @ https://cidrella.the-mcnultys.org:8443/api/analytics/blocklist/top-clients?range=24h&limit=10:0
[   60415ms] AxiosError: Request failed with status code 403
    at Pp (https://cidrella.the-mcnultys.org:8443/assets/index-Bqss8tu6.js:589:1087)
    at XMLHttpRequest.k (https://cidrella.the-mcnultys.org:8443/assets/index-Bqss8tu6.js:589:5927)
    at Qn.request (https://cidrella.the-mcnultys.org:8443/assets/index-Bqss8tu6.js:591:2094)
    at async b (https://cidrella.the-mcnultys.org:8443/assets/chart-config-Ujve8wLv.js:1:443)
    at async Promise.all (index 0)
    at async Proxy._ (https://cidrella.the-mcnultys.org:8443/assets/chart-config-Ujve8wLv.js:1:1773)
    at async Promise.all (index 0)
    at async h (https://cidrella.the-mcnultys.org:8443/assets/Dashboard-D7yNukIY.js:1:2492)
[   60411ms] [ERROR] Failed to load resource: the server responded with a status of 403 (Forbidden) @ https://cidrella.the-mcnultys.org:8443/api/metrics/proxy-perf?range=24h:0
[   60411ms] [ERROR] Failed to load resource: the server responded with a status of 403 (Forbidden) @ https://cidrella.the-mcnultys.org:8443/api/metrics/services:0
[   60411ms] [ERROR] Failed to load resource: the server responded with a status of 403 (Forbidden) @ https://cidrella.the-mcnultys.org:8443/api/analytics/top-clients?range=24h&limit=10:0
[   60412ms] [ERROR] Failed to load resource: the server responded with a status of 403 (Forbidden) @ https://cidrella.the-mcnultys.org:8443/api/analytics/top-domains?range=24h&limit=10:0
[   60417ms] [ERROR] Failed to load resource: the server responded with a status of 403 (Forbidden) @ https://cidrella.the-mcnultys.org:8443/api/analytics/geoip/top-clients?range=24h&limit=10:0
[   60418ms] [ERROR] Failed to load resource: the server responded with a status of 403 (Forbidden) @ https://cidrella.the-mcnultys.org:8443/api/analytics/blocklist/top-categories?range=24h&limit=10:0
[   60419ms] [ERROR] Failed to load resource: the server responded with a status of 403 (Forbidden) @ https://cidrella.the-mcnultys.org:8443/api/analytics/geoip/top-domains?range=24h&limit=10:0
[   60422ms] [ERROR] Failed to load resource: the server responded with a status of 403 (Forbidden) @ https://cidrella.the-mcnultys.org:8443/api/analytics/blocklist/top-domains?range=24h&limit=10:0
[   74011ms] [ERROR] Failed to load resource: the server responded with a status of 403 (Forbidden) @ https://cidrella.the-mcnultys.org:8443/api/metrics/timeseries?range=24h:0
[   74013ms] [ERROR] Failed to load resource: the server responded with a status of 403 (Forbidden) @ https://cidrella.the-mcnultys.org:8443/api/metrics/proxy-perf?range=24h:0
[   74016ms] AxiosError: Request failed with status code 403
    at Pp (https://cidrella.the-mcnultys.org:8443/assets/index-Bqss8tu6.js:589:1087)
    at XMLHttpRequest.k (https://cidrella.the-mcnultys.org:8443/assets/index-Bqss8tu6.js:589:5927)
    at Qn.request (https://cidrella.the-mcnultys.org:8443/assets/index-Bqss8tu6.js:591:2094)
    at async Proxy.w (https://cidrella.the-mcnultys.org:8443/assets/chart-config-Ujve8wLv.js:1:774)
    at async Promise.all (index 1)
    at async x (https://cidrella.the-mcnultys.org:8443/assets/Performance-CUoBdbvp.js:1:8792)
[   74016ms] [ERROR] Failed to load resource: the server responded with a status of 403 (Forbidden) @ https://cidrella.the-mcnultys.org:8443/api/metrics/services:0
[   86958ms] [ERROR] Failed to load resource: the server responded with a status of 403 (Forbidden) @ https://cidrella.the-mcnultys.org:8443/api/metrics/timeseries?range=24h:0
[   86960ms] AxiosError: Request failed with status code 403
    at Pp (https://cidrella.the-mcnultys.org:8443/assets/index-Bqss8tu6.js:589:1087)
    at XMLHttpRequest.k (https://cidrella.the-mcnultys.org:8443/assets/index-Bqss8tu6.js:589:5927)
    at Qn.request (https://cidrella.the-mcnultys.org:8443/assets/index-Bqss8tu6.js:591:2094)
    at async b (https://cidrella.the-mcnultys.org:8443/assets/chart-config-Ujve8wLv.js:1:443)
    at async Promise.all (index 0)
    at async Proxy._ (https://cidrella.the-mcnultys.org:8443/assets/chart-config-Ujve8wLv.js:1:1773)
    at async C (https://cidrella.the-mcnultys.org:8443/assets/Intelligence-C_JnH3Uu.js:1:2925)
[   86961ms] [ERROR] Failed to load resource: the server responded with a status of 403 (Forbidden) @ https://cidrella.the-mcnultys.org:8443/api/metrics/blocklist-hits?range=24h:0
[   86963ms] [ERROR] Failed to load resource: the server responded with a status of 403 (Forbidden) @ https://cidrella.the-mcnultys.org:8443/api/metrics/proxy-perf?range=24h:0
[   86964ms] [ERROR] Failed to load resource: the server responded with a status of 403 (Forbidden) @ https://cidrella.the-mcnultys.org:8443/api/metrics/geoip-hits?range=24h:0
[   86965ms] [ERROR] Failed to load resource: the server responded with a status of 403 (Forbidden) @ https://cidrella.the-mcnultys.org:8443/api/metrics/services:0
[   86966ms] [ERROR] Failed to load resource: the server responded with a status of 403 (Forbidden) @ https://cidrella.the-mcnultys.org:8443/api/analytics/top-clients?range=24h&limit=10:0
[   86968ms] [ERROR] Failed to load resource: the server responded with a status of 403 (Forbidden) @ https://cidrella.the-mcnultys.org:8443/api/analytics/top-domains?range=24h&limit=10:0
[   86972ms] [ERROR] Failed to load resource: the server responded with a status of 403 (Forbidden) @ https://cidrella.the-mcnultys.org:8443/api/analytics/blocklist/top-clients?range=24h&limit=10:0
[   86972ms] [ERROR] Failed to load resource: the server responded with a status of 403 (Forbidden) @ https://cidrella.the-mcnultys.org:8443/api/analytics/blocklist/top-domains?range=24h&limit=10:0
[   86973ms] [ERROR] Failed to load resource: the server responded with a status of 403 (Forbidden) @ https://cidrella.the-mcnultys.org:8443/api/analytics/blocklist/top-categories?range=24h&limit=10:0
[   86975ms] [ERROR] Failed to load resource: the server responded with a status of 403 (Forbidden) @ https://cidrella.the-mcnultys.org:8443/api/analytics/geoip/top-clients?range=24h&limit=10:0
[   86976ms] [ERROR] Failed to load resource: the server responded with a status of 403 (Forbidden) @ https://cidrella.the-mcnultys.org:8443/api/analytics/geoip/top-domains?range=24h&limit=10:0
[  101778ms] [ERROR] Failed to load resource: the server responded with a status of 403 (Forbidden) @ https://cidrella.the-mcnultys.org:8443/api/anomalies/active:0
[  101780ms] [ERROR] Failed to load resource: the server responded with a status of 403 (Forbidden) @ https://cidrella.the-mcnultys.org:8443/api/anomalies/summary:0
[  101782ms] AxiosError: Request failed with status code 403
    at Pp (https://cidrella.the-mcnultys.org:8443/assets/index-Bqss8tu6.js:589:1087)
    at XMLHttpRequest.k (https://cidrella.the-mcnultys.org:8443/assets/index-Bqss8tu6.js:589:5927)
    at Qn.request (https://cidrella.the-mcnultys.org:8443/assets/index-Bqss8tu6.js:591:2094)
    at async v (https://cidrella.the-mcnultys.org:8443/assets/anomalies-CGGrg2_8.js:1:200)
    at async Promise.all (index 0)
    at async Proxy.h (https://cidrella.the-mcnultys.org:8443/assets/anomalies-CGGrg2_8.js:1:1147)
    at async w (https://cidrella.the-mcnultys.org:8443/assets/Anomalies-CWPhAdyY.js:1:2009)
[  120353ms] [ERROR] Failed to load resource: the server responded with a status of 403 (Forbidden) @ https://cidrella.the-mcnultys.org:8443/api/anomalies/summary:0
[  176375ms] [ERROR] Failed to load resource: the server responded with a status of 403 (Forbidden) @ https://cidrella.the-mcnultys.org:8443/api/operations/backups:0
[  176376ms] [ERROR] Failed to load resource: the server responded with a status of 403 (Forbidden) @ https://cidrella.the-mcnultys.org:8443/api/operations/certs/info:0
[  180343ms] [ERROR] Failed to load resource: the server responded with a status of 403 (Forbidden) @ https://cidrella.the-mcnultys.org:8443/api/anomalies/summary:0
[  240368ms] [ERROR] Failed to load resource: the server responded with a status of 403 (Forbidden) @ https://cidrella.the-mcnultys.org:8443/api/anomalies/summary:0
