[      94ms] [ERROR] Failed to load resource: the server responded with a status of 403 (Forbidden) @ https://cidrella.the-mcnultys.org:8443/api/anomalies/summary:0
[     122ms] [ERROR] Failed to load resource: the server responded with a status of 403 (Forbidden) @ https://cidrella.the-mcnultys.org:8443/api/metrics/blocklist-hits?range=24h:0
[     123ms] [ERROR] Failed to load resource: the server responded with a status of 403 (Forbidden) @ https://cidrella.the-mcnultys.org:8443/api/anomalies/summary:0
[     125ms] [ERROR] Failed to load resource: the server responded with a status of 403 (Forbidden) @ https://cidrella.the-mcnultys.org:8443/api/metrics/timeseries?range=24h:0
[     126ms] [ERROR] Failed to load resource: the server responded with a status of 403 (Forbidden) @ https://cidrella.the-mcnultys.org:8443/api/metrics/proxy-perf?range=24h:0
[     127ms] [ERROR] Failed to load resource: the server responded with a status of 403 (Forbidden) @ https://cidrella.the-mcnultys.org:8443/api/metrics/geoip-hits?range=24h:0
[     136ms] AxiosError: Request failed with status code 403
    at Pp (https://cidrella.the-mcnultys.org:8443/assets/index-B1Ou6lCn.js:589:1087)
    at XMLHttpRequest.k (https://cidrella.the-mcnultys.org:8443/assets/index-B1Ou6lCn.js:589:5927)
    at Qn.request (https://cidrella.the-mcnultys.org:8443/assets/index-B1Ou6lCn.js:591:2094)
    at async v (https://cidrella.the-mcnultys.org:8443/assets/chart-config-fs_aDfr3.js:1:552)
    at async Promise.all (index 1)
    at async Proxy._ (https://cidrella.the-mcnultys.org:8443/assets/chart-config-fs_aDfr3.js:1:1773)
    at async Promise.all (index 0)
    at async v (https://cidrella.the-mcnultys.org:8443/assets/Dashboard-DOoids0l.js:1:2499)
[     135ms] [ERROR] Failed to load resource: the server responded with a status of 403 (Forbidden) @ https://cidrella.the-mcnultys.org:8443/api/metrics/services:0
[     136ms] [ERROR] Failed to load resource: the server responded with a status of 403 (Forbidden) @ https://cidrella.the-mcnultys.org:8443/api/analytics/top-domains?range=24h&limit=10:0
[     137ms] [ERROR] Failed to load resource: the server responded with a status of 403 (Forbidden) @ https://cidrella.the-mcnultys.org:8443/api/analytics/top-clients?range=24h&limit=10:0
[     138ms] [ERROR] Failed to load resource: the server responded with a status of 403 (Forbidden) @ https://cidrella.the-mcnultys.org:8443/api/analytics/blocklist/top-clients?range=24h&limit=10:0
[     138ms] [ERROR] Failed to load resource: the server responded with a status of 403 (Forbidden) @ https://cidrella.the-mcnultys.org:8443/api/analytics/blocklist/top-domains?range=24h&limit=10:0
[     138ms] [ERROR] Failed to load resource: the server responded with a status of 403 (Forbidden) @ https://cidrella.the-mcnultys.org:8443/api/analytics/blocklist/top-categories?range=24h&limit=10:0
[     138ms] [ERROR] Failed to load resource: the server responded with a status of 403 (Forbidden) @ https://cidrella.the-mcnultys.org:8443/api/analytics/geoip/top-clients?range=24h&limit=10:0
[     143ms] [ERROR] Failed to load resource: the server responded with a status of 403 (Forbidden) @ https://cidrella.the-mcnultys.org:8443/api/analytics/geoip/top-domains?range=24h&limit=10:0
